Info 0    [9:22:5.673] Starting TS Server
Info 1    [9:22:5.674] Version: 3.9.6
Info 2    [9:22:5.674] Arguments: /usr/bin/node /usr/bin/tsserver --logFile /home/syfers/Documentos/repos/SBD1Project/SBD1-Fragrances-Dashboard-Client/.log/tsserver.log --logVerbosity info --cancellationPipeName /tmp/909f2486ea03ed72f8dcb489e8bf55fb/tscancellation*
Info 3    [9:22:5.674] Platform: linux NodeVersion: 14 CaseSensitive: true
Info 4    [9:22:8.999] Search path: /home/syfers/Documentos/repos/SBD1Project/SBD1-Fragrances-Dashboard-Client/src/app/pages/production-company/evaluation/evaluation-scale
Info 5    [9:22:9.1] For info: /home/syfers/Documentos/repos/SBD1Project/SBD1-Fragrances-Dashboard-Client/src/app/pages/production-company/evaluation/evaluation-scale/evaluation-scale.component.ts :: Config file name: /home/syfers/Documentos/repos/SBD1Project/SBD1-Fragrances-Dashboard-Client/tsconfig.json
Info 6    [9:22:9.1] Opened configuration file /home/syfers/Documentos/repos/SBD1Project/SBD1-Fragrances-Dashboard-Client/tsconfig.json
Info 7    [9:22:9.65] Config: /home/syfers/Documentos/repos/SBD1Project/SBD1-Fragrances-Dashboard-Client/tsconfig.json : {
 "rootNames": [
  "/home/syfers/Documentos/repos/SBD1Project/SBD1-Fragrances-Dashboard-Client/e2e/src/app.e2e-spec.ts",
  "/home/syfers/Documentos/repos/SBD1Project/SBD1-Fragrances-Dashboard-Client/e2e/src/app.po.ts",
  "/home/syfers/Documentos/repos/SBD1Project/SBD1-Fragrances-Dashboard-Client/src/main.ts",
  "/home/syfers/Documentos/repos/SBD1Project/SBD1-Fragrances-Dashboard-Client/src/polyfills.ts",
  "/home/syfers/Documentos/repos/SBD1Project/SBD1-Fragrances-Dashboard-Client/src/test.ts",
  "/home/syfers/Documentos/repos/SBD1Project/SBD1-Fragrances-Dashboard-Client/src/app/app-routing.module.ts",
  "/home/syfers/Documentos/repos/SBD1Project/SBD1-Fragrances-Dashboard-Client/src/app/app.component.spec.ts",
  "/home/syfers/Documentos/repos/SBD1Project/SBD1-Fragrances-Dashboard-Client/src/app/app.component.ts",
  "/home/syfers/Documentos/repos/SBD1Project/SBD1-Fragrances-Dashboard-Client/src/app/app.module.ts",
  "/home/syfers/Documentos/repos/SBD1Project/SBD1-Fragrances-Dashboard-Client/src/app/auth/auth-routing.module.ts",
  "/home/syfers/Documentos/repos/SBD1Project/SBD1-Fragrances-Dashboard-Client/src/app/auth/auth.module.ts",
  "/home/syfers/Documentos/repos/SBD1Project/SBD1-Fragrances-Dashboard-Client/src/app/auth/auth-card/auth-card.component.spec.ts",
  "/home/syfers/Documentos/repos/SBD1Project/SBD1-Fragrances-Dashboard-Client/src/app/auth/auth-card/auth-card.component.ts",
  "/home/syfers/Documentos/repos/SBD1Project/SBD1-Fragrances-Dashboard-Client/src/app/auth/auth-layout/auth-layout.component.spec.ts",
  "/home/syfers/Documentos/repos/SBD1Project/SBD1-Fragrances-Dashboard-Client/src/app/auth/auth-layout/auth-layout.component.ts",
  "/home/syfers/Documentos/repos/SBD1Project/SBD1-Fragrances-Dashboard-Client/src/app/auth/auth-productors/auth-productors.component.spec.ts",
  "/home/syfers/Documentos/repos/SBD1Project/SBD1-Fragrances-Dashboard-Client/src/app/auth/auth-productors/auth-productors.component.ts",
  "/home/syfers/Documentos/repos/SBD1Project/SBD1-Fragrances-Dashboard-Client/src/app/auth/auth-type/auth-type.component.spec.ts",
  "/home/syfers/Documentos/repos/SBD1Project/SBD1-Fragrances-Dashboard-Client/src/app/auth/auth-type/auth-type.component.ts",
  "/home/syfers/Documentos/repos/SBD1Project/SBD1-Fragrances-Dashboard-Client/src/app/auth/guard/auth.guard.spec.ts",
  "/home/syfers/Documentos/repos/SBD1Project/SBD1-Fragrances-Dashboard-Client/src/app/auth/guard/auth.guard.ts",
  "/home/syfers/Documentos/repos/SBD1Project/SBD1-Fragrances-Dashboard-Client/src/app/auth/resolvers/auth-options-resolver.spec.ts",
  "/home/syfers/Documentos/repos/SBD1Project/SBD1-Fragrances-Dashboard-Client/src/app/auth/resolvers/auth-options-resolver.ts",
  "/home/syfers/Documentos/repos/SBD1Project/SBD1-Fragrances-Dashboard-Client/src/app/auth/services/auth.service.spec.ts",
  "/home/syfers/Documentos/repos/SBD1Project/SBD1-Fragrances-Dashboard-Client/src/app/auth/services/auth.service.ts",
  "/home/syfers/Documentos/repos/SBD1Project/SBD1-Fragrances-Dashboard-Client/src/app/auth/services/image-service.service.spec.ts",
  "/home/syfers/Documentos/repos/SBD1Project/SBD1-Fragrances-Dashboard-Client/src/app/auth/services/image-service.service.ts",
  "/home/syfers/Documentos/repos/SBD1Project/SBD1-Fragrances-Dashboard-Client/src/app/dashboard/dashboard-routing.module.ts",
  "/home/syfers/Documentos/repos/SBD1Project/SBD1-Fragrances-Dashboard-Client/src/app/dashboard/dashboard.module.ts",
  "/home/syfers/Documentos/repos/SBD1Project/SBD1-Fragrances-Dashboard-Client/src/app/dashboard/navbar/navbar.component.spec.ts",
  "/home/syfers/Documentos/repos/SBD1Project/SBD1-Fragrances-Dashboard-Client/src/app/dashboard/navbar/navbar.component.ts",
  "/home/syfers/Documentos/repos/SBD1Project/SBD1-Fragrances-Dashboard-Client/src/app/models/contract.ts",
  "/home/syfers/Documentos/repos/SBD1Project/SBD1-Fragrances-Dashboard-Client/src/app/models/enterprise.ts",
  "/home/syfers/Documentos/repos/SBD1Project/SBD1-Fragrances-Dashboard-Client/src/app/models/eval-criteria.ts",
  "/home/syfers/Documentos/repos/SBD1Project/SBD1-Fragrances-Dashboard-Client/src/app/models/eval-scale.ts",
  "/home/syfers/Documentos/repos/SBD1Project/SBD1-Fragrances-Dashboard-Client/src/app/models/ifra-ingredient.ts",
  "/home/syfers/Documentos/repos/SBD1Project/SBD1-Fragrances-Dashboard-Client/src/app/models/ingredient-model.ts",
  "/home/syfers/Documentos/repos/SBD1Project/SBD1-Fragrances-Dashboard-Client/src/app/models/parfum-model.ts",
  "/home/syfers/Documentos/repos/SBD1Project/SBD1-Fragrances-Dashboard-Client/src/app/models/payment-condition.ts",
  "/home/syfers/Documentos/repos/SBD1Project/SBD1-Fragrances-Dashboard-Client/src/app/models/producer-model.ts",
  "/home/syfers/Documentos/repos/SBD1Project/SBD1-Fragrances-Dashboard-Client/src/app/models/provider-model.ts",
  "/home/syfers/Documentos/repos/SBD1Project/SBD1-Fragrances-Dashboard-Client/src/app/models/raw-criteria.ts",
  "/home/syfers/Documentos/repos/SBD1Project/SBD1-Fragrances-Dashboard-Client/src/app/models/shipment-option.ts",
  "/home/syfers/Documentos/repos/SBD1Project/SBD1-Fragrances-Dashboard-Client/src/app/pages/production-company/production-company-routing.module.ts",
  "/home/syfers/Documentos/repos/SBD1Project/SBD1-Fragrances-Dashboard-Client/src/app/pages/production-company/production-company.component.spec.ts",
  "/home/syfers/Documentos/repos/SBD1Project/SBD1-Fragrances-Dashboard-Client/src/app/pages/production-company/production-company.component.ts",
  "/home/syfers/Documentos/repos/SBD1Project/SBD1-Fragrances-Dashboard-Client/src/app/pages/production-company/production-company.module.ts",
  "/home/syfers/Documentos/repos/SBD1Project/SBD1-Fragrances-Dashboard-Client/src/app/pages/production-company/evaluation/evaluation-routing.module.ts",
  "/home/syfers/Documentos/repos/SBD1Project/SBD1-Fragrances-Dashboard-Client/src/app/pages/production-company/evaluation/evaluation.module.ts",
  "/home/syfers/Documentos/repos/SBD1Project/SBD1-Fragrances-Dashboard-Client/src/app/pages/production-company/evaluation/evaluate-provider/evaluate-provider.component.spec.ts",
  "/home/syfers/Documentos/repos/SBD1Project/SBD1-Fragrances-Dashboard-Client/src/app/pages/production-company/evaluation/evaluate-provider/evaluate-provider.component.ts",
  "/home/syfers/Documentos/repos/SBD1Project/SBD1-Fragrances-Dashboard-Client/src/app/pages/production-company/evaluation/evaluate-provider-formula/evaluate-provider-formula.component.spec.ts",
  "/home/syfers/Documentos/repos/SBD1Project/SBD1-Fragrances-Dashboard-Client/src/app/pages/production-company/evaluation/evaluate-provider-formula/evaluate-provider-formula.component.ts",
  "/home/syfers/Documentos/repos/SBD1Project/SBD1-Fragrances-Dashboard-Client/src/app/pages/production-company/evaluation/evaluation-card/evaluation-card.component.spec.ts",
  "/home/syfers/Documentos/repos/SBD1Project/SBD1-Fragrances-Dashboard-Client/src/app/pages/production-company/evaluation/evaluation-card/evaluation-card.component.ts",
  "/home/syfers/Documentos/repos/SBD1Project/SBD1-Fragrances-Dashboard-Client/src/app/pages/production-company/evaluation/evaluation-criteria-management/evaluation-criteria-management.component.spec.ts",
  "/home/syfers/Documentos/repos/SBD1Project/SBD1-Fragrances-Dashboard-Client/src/app/pages/production-company/evaluation/evaluation-criteria-management/evaluation-criteria-management.component.ts",
  "/home/syfers/Documentos/repos/SBD1Project/SBD1-Fragrances-Dashboard-Client/src/app/pages/production-company/evaluation/evaluation-home/evaluation-home.component.spec.ts",
  "/home/syfers/Documentos/repos/SBD1Project/SBD1-Fragrances-Dashboard-Client/src/app/pages/production-company/evaluation/evaluation-home/evaluation-home.component.ts",
  "/home/syfers/Documentos/repos/SBD1Project/SBD1-Fragrances-Dashboard-Client/src/app/pages/production-company/evaluation/evaluation-scale/evaluation-scale.component.spec.ts",
  "/home/syfers/Documentos/repos/SBD1Project/SBD1-Fragrances-Dashboard-Client/src/app/pages/production-company/evaluation/evaluation-scale/evaluation-scale.component.ts",
  "/home/syfers/Documentos/repos/SBD1Project/SBD1-Fragrances-Dashboard-Client/src/app/pages/production-company/evaluation/evaluation-select-products/evaluation-select-products.component.spec.ts",
  "/home/syfers/Documentos/repos/SBD1Project/SBD1-Fragrances-Dashboard-Client/src/app/pages/production-company/evaluation/evaluation-select-products/evaluation-select-products.component.ts",
  "/home/syfers/Documentos/repos/SBD1Project/SBD1-Fragrances-Dashboard-Client/src/app/pages/production-company/evaluation/services/contract.service.spec.ts",
  "/home/syfers/Documentos/repos/SBD1Project/SBD1-Fragrances-Dashboard-Client/src/app/pages/production-company/evaluation/services/contract.service.ts",
  "/home/syfers/Documentos/repos/SBD1Project/SBD1-Fragrances-Dashboard-Client/src/app/pages/production-company/evaluation/services/criteria.service.spec.ts",
  "/home/syfers/Documentos/repos/SBD1Project/SBD1-Fragrances-Dashboard-Client/src/app/pages/production-company/evaluation/services/criteria.service.ts",
  "/home/syfers/Documentos/repos/SBD1Project/SBD1-Fragrances-Dashboard-Client/src/app/pages/production-company/evaluation/services/efficiency-evaluable-proivder.service.spec.ts",
  "/home/syfers/Documentos/repos/SBD1Project/SBD1-Fragrances-Dashboard-Client/src/app/pages/production-company/evaluation/services/efficiency-evaluable-proivder.service.ts",
  "/home/syfers/Documentos/repos/SBD1Project/SBD1-Fragrances-Dashboard-Client/src/app/pages/production-company/evaluation/services/evaluation-storage.service.spec.ts",
  "/home/syfers/Documentos/repos/SBD1Project/SBD1-Fragrances-Dashboard-Client/src/app/pages/production-company/evaluation/services/evaluation-storage.service.ts",
  "/home/syfers/Documentos/repos/SBD1Project/SBD1-Fragrances-Dashboard-Client/src/app/pages/production-company/evaluation/services/initial-evaluable-provider.service.spec.ts",
  "/home/syfers/Documentos/repos/SBD1Project/SBD1-Fragrances-Dashboard-Client/src/app/pages/production-company/evaluation/services/initial-evaluable-provider.service.ts",
  "/home/syfers/Documentos/repos/SBD1Project/SBD1-Fragrances-Dashboard-Client/src/app/pages/production-company/evaluation/services/raw-criteria.service.spec.ts",
  "/home/syfers/Documentos/repos/SBD1Project/SBD1-Fragrances-Dashboard-Client/src/app/pages/production-company/evaluation/services/raw-criteria.service.ts",
  "/home/syfers/Documentos/repos/SBD1Project/SBD1-Fragrances-Dashboard-Client/src/app/pages/production-company/evaluation/services/scale.service.spec.ts",
  "/home/syfers/Documentos/repos/SBD1Project/SBD1-Fragrances-Dashboard-Client/src/app/pages/production-company/evaluation/services/scale.service.ts",
  "/home/syfers/Documentos/repos/SBD1Project/SBD1-Fragrances-Dashboard-Client/src/app/pages/production-company/fragance/fragance-routing.module.ts",
  "/home/syfers/Documentos/repos/SBD1Project/SBD1-Fragrances-Dashboard-Client/src/app/pages/production-company/fragance/fragance.module.ts",
  "/home/syfers/Documentos/repos/SBD1Project/SBD1-Fragrances-Dashboard-Client/src/app/pages/production-company/order/order-routing.module.ts",
  "/home/syfers/Documentos/repos/SBD1Project/SBD1-Fragrances-Dashboard-Client/src/app/pages/production-company/order/order.module.ts",
  "/home/syfers/Documentos/repos/SBD1Project/SBD1-Fragrances-Dashboard-Client/src/app/pages/production-company/provider/provider-routing.module.ts",
  "/home/syfers/Documentos/repos/SBD1Project/SBD1-Fragrances-Dashboard-Client/src/app/pages/production-company/provider/provider.module.ts",
  "/home/syfers/Documentos/repos/SBD1Project/SBD1-Fragrances-Dashboard-Client/src/app/pages/production-company/provider/provider.service.spec.ts",
  "/home/syfers/Documentos/repos/SBD1Project/SBD1-Fragrances-Dashboard-Client/src/app/pages/production-company/provider/provider.service.ts",
  "/home/syfers/Documentos/repos/SBD1Project/SBD1-Fragrances-Dashboard-Client/src/app/pages/production-company/provider/with-contract/with-contract.component.spec.ts",
  "/home/syfers/Documentos/repos/SBD1Project/SBD1-Fragrances-Dashboard-Client/src/app/pages/production-company/provider/with-contract/with-contract.component.ts",
  "/home/syfers/Documentos/repos/SBD1Project/SBD1-Fragrances-Dashboard-Client/src/app/pages/production-company/provider/with-contract-list/with-contract-list.component.spec.ts",
  "/home/syfers/Documentos/repos/SBD1Project/SBD1-Fragrances-Dashboard-Client/src/app/pages/production-company/provider/with-contract-list/with-contract-list.component.ts",
  "/home/syfers/Documentos/repos/SBD1Project/SBD1-Fragrances-Dashboard-Client/src/app/pages/production-company/provider/without-contract/without-contract.component.spec.ts",
  "/home/syfers/Documentos/repos/SBD1Project/SBD1-Fragrances-Dashboard-Client/src/app/pages/production-company/provider/without-contract/without-contract.component.ts",
  "/home/syfers/Documentos/repos/SBD1Project/SBD1-Fragrances-Dashboard-Client/src/app/pages/production-company/provider/without-contract-list/without-contract-list.component.spec.ts",
  "/home/syfers/Documentos/repos/SBD1Project/SBD1-Fragrances-Dashboard-Client/src/app/pages/production-company/provider/without-contract-list/without-contract-list.component.ts",
  "/home/syfers/Documentos/repos/SBD1Project/SBD1-Fragrances-Dashboard-Client/src/app/pages/production-company/recommender/recommender-routing.module.ts",
  "/home/syfers/Documentos/repos/SBD1Project/SBD1-Fragrances-Dashboard-Client/src/app/pages/production-company/recommender/recommender.module.ts",
  "/home/syfers/Documentos/repos/SBD1Project/SBD1-Fragrances-Dashboard-Client/src/app/pages/production-company/recommender/recommender/recommender.component.spec.ts",
  "/home/syfers/Documentos/repos/SBD1Project/SBD1-Fragrances-Dashboard-Client/src/app/pages/production-company/recommender/recommender/recommender.component.ts",
  "/home/syfers/Documentos/repos/SBD1Project/SBD1-Fragrances-Dashboard-Client/src/app/pages/production-company/rusuer-dialog/dialog-data.ts",
  "/home/syfers/Documentos/repos/SBD1Project/SBD1-Fragrances-Dashboard-Client/src/app/pages/production-company/rusuer-dialog/rusuer-dialog.component.spec.ts",
  "/home/syfers/Documentos/repos/SBD1Project/SBD1-Fragrances-Dashboard-Client/src/app/pages/production-company/rusuer-dialog/rusuer-dialog.component.ts",
  "/home/syfers/Documentos/repos/SBD1Project/SBD1-Fragrances-Dashboard-Client/src/app/pages/provider-company/provider-company-routing.module.ts",
  "/home/syfers/Documentos/repos/SBD1Project/SBD1-Fragrances-Dashboard-Client/src/app/pages/provider-company/provider-company.component.spec.ts",
  "/home/syfers/Documentos/repos/SBD1Project/SBD1-Fragrances-Dashboard-Client/src/app/pages/provider-company/provider-company.component.ts",
  "/home/syfers/Documentos/repos/SBD1Project/SBD1-Fragrances-Dashboard-Client/src/app/pages/provider-company/provider-company.module.ts",
  "/home/syfers/Documentos/repos/SBD1Project/SBD1-Fragrances-Dashboard-Client/src/app/pages/provider-company/ingredient/ingredient-routing.module.ts",
  "/home/syfers/Documentos/repos/SBD1Project/SBD1-Fragrances-Dashboard-Client/src/app/pages/provider-company/ingredient/ingredient.module.ts",
  "/home/syfers/Documentos/repos/SBD1Project/SBD1-Fragrances-Dashboard-Client/src/app/pages/provider-company/order/order-routing.module.ts",
  "/home/syfers/Documentos/repos/SBD1Project/SBD1-Fragrances-Dashboard-Client/src/app/pages/provider-company/order/order.module.ts",
  "/home/syfers/Documentos/repos/SBD1Project/SBD1-Fragrances-Dashboard-Client/src/app/pages/provider-company/services/payment-condition.service.spec.ts",
  "/home/syfers/Documentos/repos/SBD1Project/SBD1-Fragrances-Dashboard-Client/src/app/pages/provider-company/services/payment-condition.service.ts",
  "/home/syfers/Documentos/repos/SBD1Project/SBD1-Fragrances-Dashboard-Client/src/app/pages/provider-company/services/shipment-options.service.spec.ts",
  "/home/syfers/Documentos/repos/SBD1Project/SBD1-Fragrances-Dashboard-Client/src/app/pages/provider-company/services/shipment-options.service.ts",
  "/home/syfers/Documentos/repos/SBD1Project/SBD1-Fragrances-Dashboard-Client/src/app/services/ingredient.service.spec.ts",
  "/home/syfers/Documentos/repos/SBD1Project/SBD1-Fragrances-Dashboard-Client/src/app/services/ingredient.service.ts",
  "/home/syfers/Documentos/repos/SBD1Project/SBD1-Fragrances-Dashboard-Client/src/app/services/producer.service.spec.ts",
  "/home/syfers/Documentos/repos/SBD1Project/SBD1-Fragrances-Dashboard-Client/src/app/services/producer.service.ts",
  "/home/syfers/Documentos/repos/SBD1Project/SBD1-Fragrances-Dashboard-Client/src/app/services/providers.service.spec.ts",
  "/home/syfers/Documentos/repos/SBD1Project/SBD1-Fragrances-Dashboard-Client/src/app/services/providers.service.ts",
  "/home/syfers/Documentos/repos/SBD1Project/SBD1-Fragrances-Dashboard-Client/src/environments/environment.prod.ts",
  "/home/syfers/Documentos/repos/SBD1Project/SBD1-Fragrances-Dashboard-Client/src/environments/environment.ts"
 ],
 "options": {
  "baseUrl": "/home/syfers/Documentos/repos/SBD1Project/SBD1-Fragrances-Dashboard-Client",
  "outDir": "/home/syfers/Documentos/repos/SBD1Project/SBD1-Fragrances-Dashboard-Client/dist/out-tsc",
  "sourceMap": true,
  "declaration": false,
  "downlevelIteration": true,
  "experimentalDecorators": true,
  "module": 99,
  "moduleResolution": 2,
  "importHelpers": true,
  "target": 2,
  "typeRoots": [
   "/home/syfers/Documentos/repos/SBD1Project/SBD1-Fragrances-Dashboard-Client/node_modules/@types"
  ],
  "lib": [
   "lib.es2018.d.ts",
   "lib.dom.d.ts"
  ],
  "configFilePath": "/home/syfers/Documentos/repos/SBD1Project/SBD1-Fragrances-Dashboard-Client/tsconfig.json"
 }
}
Info 8    [9:22:9.779] Starting updateGraphWorker: Project: /home/syfers/Documentos/repos/SBD1Project/SBD1-Fragrances-Dashboard-Client/tsconfig.json
Info 9    [9:22:13.554] Finishing updateGraphWorker: Project: /home/syfers/Documentos/repos/SBD1Project/SBD1-Fragrances-Dashboard-Client/tsconfig.json Version: 1 structureChanged: true Elapsed: 3775ms
Info 10   [9:22:13.554] Project '/home/syfers/Documentos/repos/SBD1Project/SBD1-Fragrances-Dashboard-Client/tsconfig.json' (Configured)
Info 11   [9:22:13.554] 	Files (956)

Info 12   [9:22:13.554] -----------------------------------------------
Info 13   [9:22:13.568] Search path: /home/syfers/Documentos/repos/SBD1Project/SBD1-Fragrances-Dashboard-Client/src/app/pages/production-company/evaluation/services
Info 14   [9:22:13.568] For info: /home/syfers/Documentos/repos/SBD1Project/SBD1-Fragrances-Dashboard-Client/src/app/pages/production-company/evaluation/services/scale.service.ts :: Config file name: /home/syfers/Documentos/repos/SBD1Project/SBD1-Fragrances-Dashboard-Client/tsconfig.json
Info 15   [9:22:13.569] Search path: /home/syfers/Documentos/repos/SBD1Project/SBD1-Fragrances-Dashboard-Client/src/app/pages/production-company/evaluation
Info 16   [9:22:13.569] For info: /home/syfers/Documentos/repos/SBD1Project/SBD1-Fragrances-Dashboard-Client/src/app/pages/production-company/evaluation/evaluation-routing.module.ts :: Config file name: /home/syfers/Documentos/repos/SBD1Project/SBD1-Fragrances-Dashboard-Client/tsconfig.json
Info 17   [9:22:13.570] Search path: /home/syfers/Documentos/repos/SBD1Project/SBD1-Fragrances-Dashboard-Client/src/app
Info 18   [9:22:13.570] For info: /home/syfers/Documentos/repos/SBD1Project/SBD1-Fragrances-Dashboard-Client/src/app/app-routing.module.ts :: Config file name: /home/syfers/Documentos/repos/SBD1Project/SBD1-Fragrances-Dashboard-Client/tsconfig.json
Info 19   [9:22:13.571] Search path: /home/syfers/Documentos/repos/SBD1Project/SBD1-Fragrances-Dashboard-Client/src/app/pages/production-company/evaluation/evaluation-criteria-management
Info 20   [9:22:13.572] For info: /home/syfers/Documentos/repos/SBD1Project/SBD1-Fragrances-Dashboard-Client/src/app/pages/production-company/evaluation/evaluation-criteria-management/evaluation-criteria-management.component.ts :: Config file name: /home/syfers/Documentos/repos/SBD1Project/SBD1-Fragrances-Dashboard-Client/tsconfig.json
Info 21   [9:22:13.572] Search path: /home/syfers/Documentos/repos/SBD1Project/SBD1-Fragrances-Dashboard-Client/src/app/pages/production-company/evaluation/services
Info 22   [9:22:13.572] For info: /home/syfers/Documentos/repos/SBD1Project/SBD1-Fragrances-Dashboard-Client/src/app/pages/production-company/evaluation/services/criteria.service.ts :: Config file name: /home/syfers/Documentos/repos/SBD1Project/SBD1-Fragrances-Dashboard-Client/tsconfig.json
Info 23   [9:22:13.573] Search path: /home/syfers/Documentos/repos/SBD1Project/SBD1-Fragrances-Dashboard-Client/src/app/dashboard/navbar
Info 24   [9:22:13.573] For info: /home/syfers/Documentos/repos/SBD1Project/SBD1-Fragrances-Dashboard-Client/src/app/dashboard/navbar/navbar.component.ts :: Config file name: /home/syfers/Documentos/repos/SBD1Project/SBD1-Fragrances-Dashboard-Client/tsconfig.json
Info 25   [9:22:13.575] Search path: /home/syfers/Documentos/repos/SBD1Project/SBD1-Fragrances-Dashboard-Client/src/app/auth/services
Info 26   [9:22:13.575] For info: /home/syfers/Documentos/repos/SBD1Project/SBD1-Fragrances-Dashboard-Client/src/app/auth/services/image-service.service.ts :: Config file name: /home/syfers/Documentos/repos/SBD1Project/SBD1-Fragrances-Dashboard-Client/tsconfig.json
Info 27   [9:22:13.576] Search path: /home/syfers/Documentos/repos/SBD1Project/SBD1-Fragrances-Dashboard-Client/src/app/pages/production-company
Info 28   [9:22:13.576] For info: /home/syfers/Documentos/repos/SBD1Project/SBD1-Fragrances-Dashboard-Client/src/app/pages/production-company/production-company-routing.module.ts :: Config file name: /home/syfers/Documentos/repos/SBD1Project/SBD1-Fragrances-Dashboard-Client/tsconfig.json
Info 29   [9:22:13.577] Search path: /home/syfers/Documentos/repos/SBD1Project/SBD1-Fragrances-Dashboard-Client/src/app/pages/production-company/recommender
Info 30   [9:22:13.577] For info: /home/syfers/Documentos/repos/SBD1Project/SBD1-Fragrances-Dashboard-Client/src/app/pages/production-company/recommender/recommender.module.ts :: Config file name: /home/syfers/Documentos/repos/SBD1Project/SBD1-Fragrances-Dashboard-Client/tsconfig.json
